<?xml version="1.0" encoding="UTF-8"?>
<testng-results ignored="0" total="1" passed="1" failed="0" skipped="0">
  <reporter-output>
    <line>
      <![CDATA[Lunching URL https://www.adidas.co]]>
    </line>
    <line>
      <![CDATA[User is in Main Page]]>
    </line>
    <line>
      <![CDATA[user goes to Desire Collection]]>
    </line>
    <line>
      <![CDATA[Closing pop up]]>
    </line>
    <line>
      <![CDATA[User is in Jamaica Tendency page]]>
    </line>
    <line>
      <![CDATA[Validate that user is in the correct url: https://www.adidas.co/jamaica]]>
    </line>
    <line>
      <![CDATA[user goes to Desire Product - Guayos X Speedportal.3 Cancha Cubierta ]]>
    </line>
    <line>
      <![CDATA[User is in guayos page]]>
    </line>
    <line>
      <![CDATA[User is in Login Pop Up]]>
    </line>
    <line>
      <![CDATA[Login using Facebook Credentials]]>
    </line>
    <line>
      <![CDATA[User was successfully logged]]>
    </line>
    <line>
      <![CDATA[Closing thewelcome pop up]]>
    </line>
    <line>
      <![CDATA[User goes to wishList]]>
    </line>
    <line>
      <![CDATA[User is in wishList]]>
    </line>
  </reporter-output>
  <suite started-at="2023-02-18T18:18:56 COT" name="Default Suite" finished-at="2023-02-18T18:19:36 COT" duration-ms="39893">
    <groups>
    </groups>
    <test started-at="2023-02-18T18:18:56 COT" name="addidasTest" finished-at="2023-02-18T18:19:36 COT" duration-ms="39893">
      <class name="co.addidas.TC_WHIS_LIST">
        <test-method is-config="true" signature="beforeTest()[pri:0, instance:co.addidas.TC_WHIS_LIST@c333c60]" started-at="2023-02-18T18:18:56 COT" name="beforeTest" finished-at="2023-02-18T18:18:59 COT" duration-ms="2944" status="PASS">
          <reporter-output>
          </reporter-output>
        </test-method> <!-- beforeTest -->
        <test-method signature="TC_WISH_LIST()[pri:0, instance:co.addidas.TC_WHIS_LIST@c333c60]" started-at="2023-02-18T18:18:59 COT" name="TC_WISH_LIST" finished-at="2023-02-18T18:19:36 COT" duration-ms="36858" status="PASS">
          <reporter-output>
            <line>
              <![CDATA[Lunching URL https://www.adidas.co]]>
            </line>
            <line>
              <![CDATA[User is in Main Page]]>
            </line>
            <line>
              <![CDATA[user goes to Desire Collection]]>
            </line>
            <line>
              <![CDATA[Closing pop up]]>
            </line>
            <line>
              <![CDATA[User is in Jamaica Tendency page]]>
            </line>
            <line>
              <![CDATA[Validate that user is in the correct url: https://www.adidas.co/jamaica]]>
            </line>
            <line>
              <![CDATA[user goes to Desire Product - Guayos X Speedportal.3 Cancha Cubierta ]]>
            </line>
            <line>
              <![CDATA[User is in guayos page]]>
            </line>
            <line>
              <![CDATA[User is in Login Pop Up]]>
            </line>
            <line>
              <![CDATA[Login using Facebook Credentials]]>
            </line>
            <line>
              <![CDATA[User was successfully logged]]>
            </line>
            <line>
              <![CDATA[Closing thewelcome pop up]]>
            </line>
            <line>
              <![CDATA[User goes to wishList]]>
            </line>
            <line>
              <![CDATA[User is in wishList]]>
            </line>
          </reporter-output>
        </test-method> <!-- TC_WISH_LIST -->
        <test-method is-config="true" signature="afterTest()[pri:0, instance:co.addidas.TC_WHIS_LIST@c333c60]" started-at="2023-02-18T18:19:36 COT" name="afterTest" finished-at="2023-02-18T18:19:36 COT" duration-ms="0" status="PASS">
          <reporter-output>
          </reporter-output>
        </test-method> <!-- afterTest -->
      </class> <!-- co.addidas.TC_WHIS_LIST -->
    </test> <!-- addidasTest -->
  </suite> <!-- Default Suite -->
</testng-results>
