<?xml version="1.0" encoding="UTF-8"?>
<testng-results ignored="0" total="1" passed="1" failed="0" skipped="0">
  <reporter-output>
    <line>
      <![CDATA[**Lunching URL https://www.adidas.co**]]>
    </line>
    <line>
      <![CDATA[**User is in Main Page**]]>
    </line>
    <line>
      <![CDATA[**user goes to Desire Collection**]]>
    </line>
    <line>
      <![CDATA[**Closing pop up**]]>
    </line>
    <line>
      <![CDATA[**User is Tendency page**]]>
    </line>
    <line>
      <![CDATA[**Validate that user is in the correct url: https://www.adidas.co/festival_estereo_picnic**]]>
    </line>
    <line>
      <![CDATA[**user goes to Desire Product**]]>
    </line>
    <line>
      <![CDATA[**User is in product page**]]>
    </line>
    <line>
      <![CDATA[**User is in Login Pop Up**]]>
    </line>
    <line>
      <![CDATA[**Login using Facebook Credentials**]]>
    </line>
    <line>
      <![CDATA[**User was successfully logged**]]>
    </line>
    <line>
      <![CDATA[**Closing the welcome pop up**]]>
    </line>
    <line>
      <![CDATA[**User goes to wishList**]]>
    </line>
    <line>
      <![CDATA[**User is in wishList**]]>
    </line>
    <line>
      <![CDATA[**Validate that selected product is displayed**]]>
    </line>
  </reporter-output>
  <suite started-at="2023-03-09T10:57:47 COT" name="Default Suite" finished-at="2023-03-09T10:59:25 COT" duration-ms="98518">
    <groups>
    </groups>
    <test started-at="2023-03-09T10:57:47 COT" name="addidasTest" finished-at="2023-03-09T10:59:25 COT" duration-ms="98518">
      <class name="co.addidas.TC_WISH_LIST">
        <test-method is-config="true" signature="beforeTest()[pri:0, instance:co.addidas.TC_WISH_LIST@40cb8df7]" started-at="2023-03-09T10:57:47 COT" name="beforeTest" finished-at="2023-03-09T10:57:51 COT" duration-ms="4675" status="PASS">
          <reporter-output>
          </reporter-output>
        </test-method> <!-- beforeTest -->
        <test-method signature="TC_WISH_LIST()[pri:0, instance:co.addidas.TC_WISH_LIST@40cb8df7]" started-at="2023-03-09T10:57:51 COT" name="TC_WISH_LIST" finished-at="2023-03-09T10:59:25 COT" duration-ms="93507" status="PASS">
          <reporter-output>
            <line>
              <![CDATA[**Lunching URL https://www.adidas.co**]]>
            </line>
            <line>
              <![CDATA[**User is in Main Page**]]>
            </line>
            <line>
              <![CDATA[**user goes to Desire Collection**]]>
            </line>
            <line>
              <![CDATA[**Closing pop up**]]>
            </line>
            <line>
              <![CDATA[**User is Tendency page**]]>
            </line>
            <line>
              <![CDATA[**Validate that user is in the correct url: https://www.adidas.co/festival_estereo_picnic**]]>
            </line>
            <line>
              <![CDATA[**user goes to Desire Product**]]>
            </line>
            <line>
              <![CDATA[**User is in product page**]]>
            </line>
            <line>
              <![CDATA[**User is in Login Pop Up**]]>
            </line>
            <line>
              <![CDATA[**Login using Facebook Credentials**]]>
            </line>
            <line>
              <![CDATA[**User was successfully logged**]]>
            </line>
            <line>
              <![CDATA[**Closing the welcome pop up**]]>
            </line>
            <line>
              <![CDATA[**User goes to wishList**]]>
            </line>
            <line>
              <![CDATA[**User is in wishList**]]>
            </line>
            <line>
              <![CDATA[**Validate that selected product is displayed**]]>
            </line>
          </reporter-output>
        </test-method> <!-- TC_WISH_LIST -->
        <test-method is-config="true" signature="afterTest()[pri:0, instance:co.addidas.TC_WISH_LIST@40cb8df7]" started-at="2023-03-09T10:59:25 COT" name="afterTest" finished-at="2023-03-09T10:59:25 COT" duration-ms="241" status="PASS">
          <reporter-output>
          </reporter-output>
        </test-method> <!-- afterTest -->
      </class> <!-- co.addidas.TC_WISH_LIST -->
    </test> <!-- addidasTest -->
  </suite> <!-- Default Suite -->
</testng-results>
